[35m[Appium][39m Welcome to Appium v1.22.3
[35m[Appium][39m Non-default server args:
[35m[Appium][39m   port: 12643
[35m[Appium][39m   loglevel: info
[35m[Appium][39m   tmpDir: C:\Users\Anam\AppData\Local\Temp\\Katalon\Appium\Temp1674901764732
[35m[Appium][39m   chromedriverPort: 12644
[35m[Appium][39m Deprecated server args:
[35m[Appium][39m   [31m--chromedriver-port[39m => --default-capabilities
[35m[Appium][39m Default capabilities, which will be added to each request unless overridden by desired capabilities:
[35m[Appium][39m   chromedriverPort: 12644
[35m[Appium][39m Appium REST http interface listener started on 0.0.0.0:12643
[35m[HTTP][39m [37m-->[39m [37mGET[39m [37m/wd/hub/status[39m
[35m[HTTP][39m [90m{}[39m
[35m[HTTP][39m [37m<-- GET /wd/hub/status [39m[32m200[39m [90m14 ms - 68[39m
[35m[HTTP][39m [90m[39m
[35m[HTTP][39m [37m-->[39m [37mGET[39m [37m/wd/hub/status[39m
[35m[HTTP][39m [90m{}[39m
[35m[HTTP][39m [37m<-- GET /wd/hub/status [39m[32m200[39m [90m3 ms - 68[39m
[35m[HTTP][39m [90m[39m
[35m[HTTP][39m [37m-->[39m [37mPOST[39m [37m/wd/hub/session[39m
[35m[HTTP][39m [90m{"desiredCapabilities":{"app":"F:\\Fd-QAE-Anam\\apk-secondhand\\app-release.apk","noReset":true,"deviceName":"samsung SM-A135F (Android 13)","fullReset":false,"platform":"ANDROID","newCommandTimeout":1800,"platformVersion":"13","automationName":"uiautomator2","autoGrantPermissions":true,"platformName":"Android","udid":"RR8T904LM9F","systemPort":12653},"capabilities":{"firstMatch":[{"appium:app":"F:\\Fd-QAE-Anam\\apk-secondhand\\app-release.apk","appium:autoGrantPermissions":true,"appium:automationName":"uiautomator2","appium:deviceName":"samsung SM-A135F (Android 13)","appium:fullReset":false,"appium:newCommandTimeout":1800,"appium:noReset":true,"platform":"ANDROID","platformName":"android","appium:platformVersion":"13","appium:systemPort":12653,"appium:udid":"RR8T904LM9F"}]}}[39m
[35m[BaseDriver][39m The following capabilities are not standard capabilities and should have an extension prefix:
[35m[BaseDriver][39m   platform
[35m[BaseDriver][39m   chromedriverPort
[35m[Appium][39m Appium v1.22.3 creating new AndroidUiautomator2Driver (v1.70.1) session
[35m[BaseDriver][39m The following capabilities were provided, but are not recognized by Appium:
[35m[BaseDriver][39m   platform
[35m[BaseDriver][39m Session created with session id: 0198e5c8-9317-4e83-8c21-982f9d3b6016
[35m[BaseDriver][39m Using local app 'F:\Fd-QAE-Anam\apk-secondhand\app-release.apk'
[35m[ADB][39m Found 1 'build-tools' folders under 'C:\Users\Anam\.katalon\tools\android_sdk' (newest first):
[35m[ADB][39m     C:/Users/Anam/.katalon/tools/android_sdk/build-tools/29.0.3
[35m[ADB][39m Using 'adb.exe' from 'C:\Users\Anam\.katalon\tools\android_sdk\platform-tools\adb.exe'
[35m[AndroidDriver][39m Retrieving device list
[35m[AndroidDriver][39m Using device: RR8T904LM9F
[35m[ADB][39m Using 'adb.exe' from 'C:\Users\Anam\.katalon\tools\android_sdk\platform-tools\adb.exe'
[35m[ADB][39m Getting device platform version
[35m[UiAutomator2][39m Relaxing hidden api policy
[35m[ADB][39m Package name: 'id.binar.fp.secondhand'
[35m[ADB][39m Main activity name: 'id.binar.fp.secondhand.ui.main.MainActivity'
[35m[ADB][39m Using 'apksigner.jar' from 'C:\Users\Anam\.katalon\tools\android_sdk\build-tools\29.0.3\lib\apksigner.jar'
[35m[ADB][39m 'C:\Users\Anam\AppData\Roaming\npm\node_modules\appium\node_modules\appium-uiautomator2-server\apks\appium-uiautomator2-server-v4.27.0.apk' is signed with the default certificate
[35m[ADB][39m 'C:\Users\Anam\AppData\Roaming\npm\node_modules\appium\node_modules\appium-uiautomator2-server\apks\appium-uiautomator2-server-debug-androidTest.apk' is signed with the default certificate
[35m[UiAutomator2][39m Server packages are not going to be (re)installed
[35m[ADB][39m Adding packages ["io.appium.settings","io.appium.uiautomator2.server","io.appium.uiautomator2.server.test"] to Doze whitelist
[35m[ADB][39m 'F:\Fd-QAE-Anam\apk-secondhand\app-release.apk' is signed with a non-default certificate
[35m[ADB][39m The application at 'F:\Fd-QAE-Anam\apk-secondhand\app-release.apk' will not be cached, because the device under test has confirmed the support of streamed installs
[35m[ADB][39m The installation of 'app-release.apk' took 1657ms
[35m[UiAutomator2][39m Starting UIAutomator2 server 4.27.0
[35m[UiAutomator2][39m Using UIAutomator2 server from 'C:\Users\Anam\AppData\Roaming\npm\node_modules\appium\node_modules\appium-uiautomator2-server\apks\appium-uiautomator2-server-v4.27.0.apk' and test from 'C:\Users\Anam\AppData\Roaming\npm\node_modules\appium\node_modules\appium-uiautomator2-server\apks\appium-uiautomator2-server-debug-androidTest.apk'
[35m[UiAutomator2][39m Waiting up to 30000ms for UiAutomator2 to be online...
[35m[WD Proxy][39m socket hang up
[35m[WD Proxy][39m socket hang up
[35m[WD Proxy][39m socket hang up
[35m[WD Proxy][39m socket hang up
[35m[WD Proxy][39m Determined the downstream protocol as 'W3C'
[35m[AndroidDriver][39m Screen already unlocked, doing nothing
[35m[UiAutomator2][39m Starting 'id.binar.fp.secondhand/id.binar.fp.secondhand.ui.main.MainActivity and waiting for 'id.binar.fp.secondhand/id.binar.fp.secondhand.ui.main.MainActivity'
[35m[Appium][39m New AndroidUiautomator2Driver session created successfully, session 0198e5c8-9317-4e83-8c21-982f9d3b6016 added to master session list
[35m[HTTP][39m [37m<-- POST /wd/hub/session [39m[32m200[39m [90m17921 ms - 1255[39m
[35m[HTTP][39m [90m[39m
[35m[HTTP][39m [37m-->[39m [37mGET[39m [37m/wd/hub/session/0198e5c8-9317-4e83-8c21-982f9d3b6016[39m
[35m[HTTP][39m [90m{}[39m
[35m[HTTP][39m [37m<-- GET /wd/hub/session/0198e5c8-9317-4e83-8c21-982f9d3b6016 [39m[32m200[39m [90m29 ms - 1209[39m
[35m[HTTP][39m [90m[39m
[35m[HTTP][39m [37m-->[39m [37mGET[39m [37m/wd/hub/session/0198e5c8-9317-4e83-8c21-982f9d3b6016[39m
[35m[HTTP][39m [90m{}[39m
[35m[HTTP][39m [37m<-- GET /wd/hub/session/0198e5c8-9317-4e83-8c21-982f9d3b6016 [39m[32m200[39m [90m20 ms - 1209[39m
[35m[HTTP][39m [90m[39m
[35m[HTTP][39m [37m-->[39m [37mGET[39m [37m/wd/hub/status[39m
[35m[HTTP][39m [90m{}[39m
[35m[HTTP][39m [37m<-- GET /wd/hub/status [39m[32m200[39m [90m1 ms - 68[39m
[35m[HTTP][39m [90m[39m
[35m[HTTP][39m [37m-->[39m [37mPOST[39m [37m/wd/hub/session/0198e5c8-9317-4e83-8c21-982f9d3b6016/timeouts[39m
[35m[HTTP][39m [90m{"implicit":60000}[39m
[35m[HTTP][39m [37m<-- POST /wd/hub/session/0198e5c8-9317-4e83-8c21-982f9d3b6016/timeouts [39m[32m200[39m [90m5 ms - 14[39m
[35m[HTTP][39m [90m[39m
[35m[HTTP][39m [37m-->[39m [37mGET[39m [37m/wd/hub/session/0198e5c8-9317-4e83-8c21-982f9d3b6016/source[39m
[35m[HTTP][39m [90m{}[39m
[35m[W3C (0198e5c8)][39m Driver proxy active, passing request on via HTTP proxy
[35m[WD Proxy][39m Replacing sessionId 3ad5c5e2-56a4-4609-aa51-2d4a624e2377 with 0198e5c8-9317-4e83-8c21-982f9d3b6016
[35m[HTTP][39m [37m<-- GET /wd/hub/session/0198e5c8-9317-4e83-8c21-982f9d3b6016/source [39m[32m200[39m [90m564 ms - 43925[39m
[35m[HTTP][39m [90m[39m
[35m[HTTP][39m [37m-->[39m [37mGET[39m [37m/wd/hub/session/0198e5c8-9317-4e83-8c21-982f9d3b6016/screenshot[39m
[35m[HTTP][39m [90m{}[39m
[35m[HTTP][39m [37m<-- GET /wd/hub/session/0198e5c8-9317-4e83-8c21-982f9d3b6016/screenshot [39m[32m200[39m [90m1138 ms - 144116[39m
[35m[HTTP][39m [90m[39m
[35m[HTTP][39m [37m-->[39m [37mPOST[39m [37m/wd/hub/session/0198e5c8-9317-4e83-8c21-982f9d3b6016/elements[39m
[35m[HTTP][39m [90m{"using":"xpath","value":"//*[@class = 'android.widget.ImageView' and @resource-id = 'id.binar.fp.secondhand:id/navigation_bar_item_icon_view' and (@text = '' or . = '')]"}[39m
[35m[HTTP][39m [37m<-- POST /wd/hub/session/0198e5c8-9317-4e83-8c21-982f9d3b6016/elements [39m[32m200[39m [90m927 ms - 651[39m
[35m[HTTP][39m [90m[39m
[35m[HTTP][39m [37m-->[39m [37mPOST[39m [37m/wd/hub/session/0198e5c8-9317-4e83-8c21-982f9d3b6016/elements[39m
[35m[HTTP][39m [90m{"using":"id","value":"id.binar.fp.secondhand:id/navigation_bar_item_icon_view"}[39m
[35m[HTTP][39m [37m<-- POST /wd/hub/session/0198e5c8-9317-4e83-8c21-982f9d3b6016/elements [39m[32m200[39m [90m126 ms - 651[39m
[35m[HTTP][39m [90m[39m
[35m[HTTP][39m [37m-->[39m [37mPOST[39m [37m/wd/hub/session/0198e5c8-9317-4e83-8c21-982f9d3b6016/elements[39m
[35m[HTTP][39m [90m{"using":"-android uiautomator","value":"new UiSelector().className(\"android.widget.ImageView\").resourceId(\"id.binar.fp.secondhand:id/navigation_bar_item_icon_view\")"}[39m
[35m[HTTP][39m [37m<-- POST /wd/hub/session/0198e5c8-9317-4e83-8c21-982f9d3b6016/elements [39m[32m200[39m [90m142 ms - 651[39m
[35m[HTTP][39m [90m[39m
[35m[HTTP][39m [37m-->[39m [37mGET[39m [37m/wd/hub/session/0198e5c8-9317-4e83-8c21-982f9d3b6016/window/rect[39m
[35m[HTTP][39m [90m{}[39m
[35m[HTTP][39m [37m<-- GET /wd/hub/session/0198e5c8-9317-4e83-8c21-982f9d3b6016/window/rect [39m[32m200[39m [90m30 ms - 50[39m
[35m[HTTP][39m [90m[39m
[35m[HTTP][39m [37m-->[39m [37mPOST[39m [37m/wd/hub/session/0198e5c8-9317-4e83-8c21-982f9d3b6016/elements[39m
[35m[HTTP][39m [90m{"using":"xpath","value":"//hierarchy/android.widget.FrameLayout[1]/android.widget.LinearLayout[1]/android.widget.FrameLayout[1]/android.widget.LinearLayout[1]/android.widget.FrameLayout[1]/android.view.ViewGroup[1]/android.view.ViewGroup[1]/android.widget.FrameLayout[1]/android.view.ViewGroup[1]/android.widget.FrameLayout[5]/android.widget.FrameLayout[1]/android.widget.ImageView[1]"}[39m
[35m[HTTP][39m [37m<-- POST /wd/hub/session/0198e5c8-9317-4e83-8c21-982f9d3b6016/elements [39m[32m200[39m [90m221 ms - 139[39m
[35m[HTTP][39m [90m[39m
[35m[HTTP][39m [37m-->[39m [37mGET[39m [37m/wd/hub/session/0198e5c8-9317-4e83-8c21-982f9d3b6016/element/00000000-0000-10f7-ffff-ffff00000209/location[39m
[35m[HTTP][39m [90m{}[39m
[35m[W3C (0198e5c8)][39m Driver proxy active, passing request on via HTTP proxy
[35m[WD Proxy][39m Replacing sessionId 3ad5c5e2-56a4-4609-aa51-2d4a624e2377 with 0198e5c8-9317-4e83-8c21-982f9d3b6016
[35m[HTTP][39m [37m<-- GET /wd/hub/session/0198e5c8-9317-4e83-8c21-982f9d3b6016/element/00000000-0000-10f7-ffff-ffff00000209/location [39m[32m200[39m [90m39 ms - 79[39m
[35m[HTTP][39m [90m[39m
[35m[HTTP][39m [37m-->[39m [37mPOST[39m [37m/wd/hub/session/0198e5c8-9317-4e83-8c21-982f9d3b6016/element/00000000-0000-10f7-ffff-ffff00000209/click[39m
[35m[HTTP][39m [90m{"id":"00000000-0000-10f7-ffff-ffff00000209"}[39m
[35m[HTTP][39m [37m<-- POST /wd/hub/session/0198e5c8-9317-4e83-8c21-982f9d3b6016/element/00000000-0000-10f7-ffff-ffff00000209/click [39m[32m200[39m [90m64 ms - 14[39m
[35m[HTTP][39m [90m[39m
[35m[HTTP][39m [37m-->[39m [37mGET[39m [37m/wd/hub/session/0198e5c8-9317-4e83-8c21-982f9d3b6016/source[39m
[35m[HTTP][39m [90m{}[39m
[35m[W3C (0198e5c8)][39m Driver proxy active, passing request on via HTTP proxy
[35m[WD Proxy][39m Replacing sessionId 3ad5c5e2-56a4-4609-aa51-2d4a624e2377 with 0198e5c8-9317-4e83-8c21-982f9d3b6016
[35m[HTTP][39m [37m<-- GET /wd/hub/session/0198e5c8-9317-4e83-8c21-982f9d3b6016/source [39m[32m200[39m [90m220 ms - 19971[39m
[35m[HTTP][39m [90m[39m
[35m[HTTP][39m [37m-->[39m [37mGET[39m [37m/wd/hub/session/0198e5c8-9317-4e83-8c21-982f9d3b6016/screenshot[39m
[35m[HTTP][39m [90m{}[39m
[35m[HTTP][39m [37m<-- GET /wd/hub/session/0198e5c8-9317-4e83-8c21-982f9d3b6016/screenshot [39m[32m200[39m [90m1118 ms - 111154[39m
[35m[HTTP][39m [90m[39m
[35m[HTTP][39m [37m-->[39m [37mPOST[39m [37m/wd/hub/session/0198e5c8-9317-4e83-8c21-982f9d3b6016/elements[39m
[35m[HTTP][39m [90m{"using":"xpath","value":"//*[@class = 'android.widget.Button' and (@text = 'Masuk' or . = 'Masuk') and @resource-id = 'id.binar.fp.secondhand:id/btn_login']"}[39m
[35m[HTTP][39m [37m<-- POST /wd/hub/session/0198e5c8-9317-4e83-8c21-982f9d3b6016/elements [39m[32m200[39m [90m267 ms - 139[39m
[35m[HTTP][39m [90m[39m
[35m[HTTP][39m [37m-->[39m [37mGET[39m [37m/wd/hub/session/0198e5c8-9317-4e83-8c21-982f9d3b6016/window/rect[39m
[35m[HTTP][39m [90m{}[39m
[35m[HTTP][39m [37m<-- GET /wd/hub/session/0198e5c8-9317-4e83-8c21-982f9d3b6016/window/rect [39m[32m200[39m [90m24 ms - 50[39m
[35m[HTTP][39m [90m[39m
[35m[HTTP][39m [37m-->[39m [37mPOST[39m [37m/wd/hub/session/0198e5c8-9317-4e83-8c21-982f9d3b6016/elements[39m
[35m[HTTP][39m [90m{"using":"xpath","value":"//*[@class = 'android.widget.Button' and (@text = 'Masuk' or . = 'Masuk') and @resource-id = 'id.binar.fp.secondhand:id/btn_login']"}[39m
[35m[HTTP][39m [37m<-- POST /wd/hub/session/0198e5c8-9317-4e83-8c21-982f9d3b6016/elements [39m[32m200[39m [90m247 ms - 139[39m
[35m[HTTP][39m [90m[39m
[35m[HTTP][39m [37m-->[39m [37mGET[39m [37m/wd/hub/session/0198e5c8-9317-4e83-8c21-982f9d3b6016/element/00000000-0000-10f7-ffff-ffff000001e5/location[39m
[35m[HTTP][39m [90m{}[39m
[35m[W3C (0198e5c8)][39m Driver proxy active, passing request on via HTTP proxy
[35m[WD Proxy][39m Replacing sessionId 3ad5c5e2-56a4-4609-aa51-2d4a624e2377 with 0198e5c8-9317-4e83-8c21-982f9d3b6016
[35m[HTTP][39m [37m<-- GET /wd/hub/session/0198e5c8-9317-4e83-8c21-982f9d3b6016/element/00000000-0000-10f7-ffff-ffff000001e5/location [39m[32m200[39m [90m25 ms - 77[39m
[35m[HTTP][39m [90m[39m
[35m[HTTP][39m [37m-->[39m [37mPOST[39m [37m/wd/hub/session/0198e5c8-9317-4e83-8c21-982f9d3b6016/element/00000000-0000-10f7-ffff-ffff000001e5/click[39m
[35m[HTTP][39m [90m{"id":"00000000-0000-10f7-ffff-ffff000001e5"}[39m
[35m[HTTP][39m [37m<-- POST /wd/hub/session/0198e5c8-9317-4e83-8c21-982f9d3b6016/element/00000000-0000-10f7-ffff-ffff000001e5/click [39m[32m200[39m [90m69 ms - 14[39m
[35m[HTTP][39m [90m[39m
[35m[HTTP][39m [37m-->[39m [37mGET[39m [37m/wd/hub/session/0198e5c8-9317-4e83-8c21-982f9d3b6016/source[39m
[35m[HTTP][39m [90m{}[39m
[35m[W3C (0198e5c8)][39m Driver proxy active, passing request on via HTTP proxy
[35m[WD Proxy][39m Replacing sessionId 3ad5c5e2-56a4-4609-aa51-2d4a624e2377 with 0198e5c8-9317-4e83-8c21-982f9d3b6016
[35m[HTTP][39m [37m<-- GET /wd/hub/session/0198e5c8-9317-4e83-8c21-982f9d3b6016/source [39m[32m200[39m [90m623 ms - 11547[39m
[35m[HTTP][39m [90m[39m
[35m[HTTP][39m [37m-->[39m [37mGET[39m [37m/wd/hub/session/0198e5c8-9317-4e83-8c21-982f9d3b6016/screenshot[39m
[35m[HTTP][39m [90m{}[39m
[35m[HTTP][39m [37m<-- GET /wd/hub/session/0198e5c8-9317-4e83-8c21-982f9d3b6016/screenshot [39m[32m200[39m [90m1152 ms - 113240[39m
[35m[HTTP][39m [90m[39m
[35m[HTTP][39m [37m-->[39m [37mPOST[39m [37m/wd/hub/session/0198e5c8-9317-4e83-8c21-982f9d3b6016/elements[39m
[35m[HTTP][39m [90m{"using":"xpath","value":"//*[@class = 'android.widget.EditText' and (@text = 'Masukkan email' or . = 'Masukkan email') and @resource-id = 'id.binar.fp.secondhand:id/et_email']"}[39m
[35m[HTTP][39m [37m<-- POST /wd/hub/session/0198e5c8-9317-4e83-8c21-982f9d3b6016/elements [39m[32m200[39m [90m167 ms - 139[39m
[35m[HTTP][39m [90m[39m
[35m[HTTP][39m [37m-->[39m [37mGET[39m [37m/wd/hub/session/0198e5c8-9317-4e83-8c21-982f9d3b6016/window/rect[39m
[35m[HTTP][39m [90m{}[39m
[35m[HTTP][39m [37m<-- GET /wd/hub/session/0198e5c8-9317-4e83-8c21-982f9d3b6016/window/rect [39m[32m200[39m [90m20 ms - 50[39m
[35m[HTTP][39m [90m[39m
[35m[HTTP][39m [37m-->[39m [37mPOST[39m [37m/wd/hub/session/0198e5c8-9317-4e83-8c21-982f9d3b6016/elements[39m
[35m[HTTP][39m [90m{"using":"xpath","value":"//*[@class = 'android.widget.EditText' and (@text = 'Masukkan email' or . = 'Masukkan email') and @resource-id = 'id.binar.fp.secondhand:id/et_email']"}[39m
[35m[HTTP][39m [37m<-- POST /wd/hub/session/0198e5c8-9317-4e83-8c21-982f9d3b6016/elements [39m[32m200[39m [90m146 ms - 139[39m
[35m[HTTP][39m [90m[39m
[35m[HTTP][39m [37m-->[39m [37mGET[39m [37m/wd/hub/session/0198e5c8-9317-4e83-8c21-982f9d3b6016/element/00000000-0000-10f8-ffff-ffff00000234/location[39m
[35m[HTTP][39m [90m{}[39m
[35m[W3C (0198e5c8)][39m Driver proxy active, passing request on via HTTP proxy
[35m[WD Proxy][39m Replacing sessionId 3ad5c5e2-56a4-4609-aa51-2d4a624e2377 with 0198e5c8-9317-4e83-8c21-982f9d3b6016
[35m[HTTP][39m [37m<-- GET /wd/hub/session/0198e5c8-9317-4e83-8c21-982f9d3b6016/element/00000000-0000-10f8-ffff-ffff00000234/location [39m[32m200[39m [90m23 ms - 77[39m
[35m[HTTP][39m [90m[39m
[35m[HTTP][39m [37m-->[39m [37mPOST[39m [37m/wd/hub/session/0198e5c8-9317-4e83-8c21-982f9d3b6016/element/00000000-0000-10f8-ffff-ffff00000234/clear[39m
[35m[HTTP][39m [90m{"id":"00000000-0000-10f8-ffff-ffff00000234"}[39m
[35m[HTTP][39m [37m<-- POST /wd/hub/session/0198e5c8-9317-4e83-8c21-982f9d3b6016/element/00000000-0000-10f8-ffff-ffff00000234/clear [39m[32m200[39m [90m27 ms - 14[39m
[35m[HTTP][39m [90m[39m
[35m[HTTP][39m [37m-->[39m [37mPOST[39m [37m/wd/hub/session/0198e5c8-9317-4e83-8c21-982f9d3b6016/element/00000000-0000-10f8-ffff-ffff00000234/value[39m
[35m[HTTP][39m [90m{"id":"00000000-0000-10f8-ffff-ffff00000234","text":"syariful21@mail.com","value":["s","y","a","r","i","f","u","l","2","1","@","m","a","i","l",".","c","o","m"]}[39m
[35m[HTTP][39m [37m<-- POST /wd/hub/session/0198e5c8-9317-4e83-8c21-982f9d3b6016/element/00000000-0000-10f8-ffff-ffff00000234/value [39m[32m200[39m [90m999 ms - 14[39m
[35m[HTTP][39m [90m[39m
[35m[HTTP][39m [37m-->[39m [37mGET[39m [37m/wd/hub/session/0198e5c8-9317-4e83-8c21-982f9d3b6016/source[39m
[35m[HTTP][39m [90m{}[39m
[35m[W3C (0198e5c8)][39m Driver proxy active, passing request on via HTTP proxy
[35m[WD Proxy][39m Replacing sessionId 3ad5c5e2-56a4-4609-aa51-2d4a624e2377 with 0198e5c8-9317-4e83-8c21-982f9d3b6016
[35m[HTTP][39m [37m<-- GET /wd/hub/session/0198e5c8-9317-4e83-8c21-982f9d3b6016/source [39m[32m200[39m [90m114 ms - 11552[39m
[35m[HTTP][39m [90m[39m
[35m[HTTP][39m [37m-->[39m [37mGET[39m [37m/wd/hub/session/0198e5c8-9317-4e83-8c21-982f9d3b6016/screenshot[39m
[35m[HTTP][39m [90m{}[39m
[35m[HTTP][39m [37m<-- GET /wd/hub/session/0198e5c8-9317-4e83-8c21-982f9d3b6016/screenshot [39m[32m200[39m [90m1074 ms - 117686[39m
[35m[HTTP][39m [90m[39m
[35m[HTTP][39m [37m-->[39m [37mPOST[39m [37m/wd/hub/session/0198e5c8-9317-4e83-8c21-982f9d3b6016/elements[39m
[35m[HTTP][39m [90m{"using":"xpath","value":"//*[@class = 'android.widget.EditText' and (@text = 'Masukkan password' or . = 'Masukkan password') and @resource-id = 'id.binar.fp.secondhand:id/et_password']"}[39m
[35m[HTTP][39m [37m<-- POST /wd/hub/session/0198e5c8-9317-4e83-8c21-982f9d3b6016/elements [39m[32m200[39m [90m168 ms - 139[39m
[35m[HTTP][39m [90m[39m
[35m[HTTP][39m [37m-->[39m [37mGET[39m [37m/wd/hub/session/0198e5c8-9317-4e83-8c21-982f9d3b6016/window/rect[39m
[35m[HTTP][39m [90m{}[39m
[35m[HTTP][39m [37m<-- GET /wd/hub/session/0198e5c8-9317-4e83-8c21-982f9d3b6016/window/rect [39m[32m200[39m [90m45 ms - 50[39m
[35m[HTTP][39m [90m[39m
[35m[HTTP][39m [37m-->[39m [37mPOST[39m [37m/wd/hub/session/0198e5c8-9317-4e83-8c21-982f9d3b6016/elements[39m
[35m[HTTP][39m [90m{"using":"xpath","value":"//*[@class = 'android.widget.EditText' and (@text = 'Masukkan password' or . = 'Masukkan password') and @resource-id = 'id.binar.fp.secondhand:id/et_password']"}[39m
[35m[HTTP][39m [37m<-- POST /wd/hub/session/0198e5c8-9317-4e83-8c21-982f9d3b6016/elements [39m[32m200[39m [90m151 ms - 139[39m
[35m[HTTP][39m [90m[39m
[35m[HTTP][39m [37m-->[39m [37mGET[39m [37m/wd/hub/session/0198e5c8-9317-4e83-8c21-982f9d3b6016/element/00000000-0000-10f8-ffff-ffff00000240/location[39m
[35m[HTTP][39m [90m{}[39m
[35m[W3C (0198e5c8)][39m Driver proxy active, passing request on via HTTP proxy
[35m[WD Proxy][39m Replacing sessionId 3ad5c5e2-56a4-4609-aa51-2d4a624e2377 with 0198e5c8-9317-4e83-8c21-982f9d3b6016
[35m[HTTP][39m [37m<-- GET /wd/hub/session/0198e5c8-9317-4e83-8c21-982f9d3b6016/element/00000000-0000-10f8-ffff-ffff00000240/location [39m[32m200[39m [90m21 ms - 78[39m
[35m[HTTP][39m [90m[39m
[35m[HTTP][39m [37m-->[39m [37mPOST[39m [37m/wd/hub/session/0198e5c8-9317-4e83-8c21-982f9d3b6016/element/00000000-0000-10f8-ffff-ffff00000240/clear[39m
[35m[HTTP][39m [90m{"id":"00000000-0000-10f8-ffff-ffff00000240"}[39m
[35m[HTTP][39m [37m<-- POST /wd/hub/session/0198e5c8-9317-4e83-8c21-982f9d3b6016/element/00000000-0000-10f8-ffff-ffff00000240/clear [39m[32m200[39m [90m33 ms - 14[39m
[35m[HTTP][39m [90m[39m
[35m[HTTP][39m [37m-->[39m [37mPOST[39m [37m/wd/hub/session/0198e5c8-9317-4e83-8c21-982f9d3b6016/element/00000000-0000-10f8-ffff-ffff00000240/value[39m
[35m[HTTP][39m [90m{"id":"00000000-0000-10f8-ffff-ffff00000240","text":"123456789","value":["1","2","3","4","5","6","7","8","9"]}[39m
[35m[HTTP][39m [37m<-- POST /wd/hub/session/0198e5c8-9317-4e83-8c21-982f9d3b6016/element/00000000-0000-10f8-ffff-ffff00000240/value [39m[32m200[39m [90m551 ms - 14[39m
[35m[HTTP][39m [90m[39m
[35m[HTTP][39m [37m-->[39m [37mGET[39m [37m/wd/hub/session/0198e5c8-9317-4e83-8c21-982f9d3b6016/source[39m
[35m[HTTP][39m [90m{}[39m
[35m[W3C (0198e5c8)][39m Driver proxy active, passing request on via HTTP proxy
[35m[WD Proxy][39m Replacing sessionId 3ad5c5e2-56a4-4609-aa51-2d4a624e2377 with 0198e5c8-9317-4e83-8c21-982f9d3b6016
[35m[HTTP][39m [37m<-- GET /wd/hub/session/0198e5c8-9317-4e83-8c21-982f9d3b6016/source [39m[32m200[39m [90m104 ms - 11544[39m
[35m[HTTP][39m [90m[39m
[35m[HTTP][39m [37m-->[39m [37mGET[39m [37m/wd/hub/session/0198e5c8-9317-4e83-8c21-982f9d3b6016/screenshot[39m
[35m[HTTP][39m [90m{}[39m
[35m[HTTP][39m [37m<-- GET /wd/hub/session/0198e5c8-9317-4e83-8c21-982f9d3b6016/screenshot [39m[32m200[39m [90m1081 ms - 109464[39m
[35m[HTTP][39m [90m[39m
[35m[HTTP][39m [37m-->[39m [37mPOST[39m [37m/wd/hub/session/0198e5c8-9317-4e83-8c21-982f9d3b6016/elements[39m
[35m[HTTP][39m [90m{"using":"xpath","value":"//*[@class = 'android.widget.Button' and (@text = 'Masuk' or . = 'Masuk') and @resource-id = 'id.binar.fp.secondhand:id/btn_login']"}[39m
[35m[HTTP][39m [37m<-- POST /wd/hub/session/0198e5c8-9317-4e83-8c21-982f9d3b6016/elements [39m[32m200[39m [90m151 ms - 139[39m
[35m[HTTP][39m [90m[39m
[35m[HTTP][39m [37m-->[39m [37mGET[39m [37m/wd/hub/session/0198e5c8-9317-4e83-8c21-982f9d3b6016/window/rect[39m
[35m[HTTP][39m [90m{}[39m
[35m[HTTP][39m [37m<-- GET /wd/hub/session/0198e5c8-9317-4e83-8c21-982f9d3b6016/window/rect [39m[32m200[39m [90m14 ms - 50[39m
[35m[HTTP][39m [90m[39m
[35m[HTTP][39m [37m-->[39m [37mPOST[39m [37m/wd/hub/session/0198e5c8-9317-4e83-8c21-982f9d3b6016/elements[39m
[35m[HTTP][39m [90m{"using":"xpath","value":"//*[@class = 'android.widget.Button' and (@text = 'Masuk' or . = 'Masuk') and @resource-id = 'id.binar.fp.secondhand:id/btn_login']"}[39m
[35m[HTTP][39m [37m<-- POST /wd/hub/session/0198e5c8-9317-4e83-8c21-982f9d3b6016/elements [39m[32m200[39m [90m149 ms - 139[39m
[35m[HTTP][39m [90m[39m
[35m[HTTP][39m [37m-->[39m [37mGET[39m [37m/wd/hub/session/0198e5c8-9317-4e83-8c21-982f9d3b6016/element/00000000-0000-10f8-ffff-ffff00000249/location[39m
[35m[HTTP][39m [90m{}[39m
[35m[W3C (0198e5c8)][39m Driver proxy active, passing request on via HTTP proxy
[35m[WD Proxy][39m Replacing sessionId 3ad5c5e2-56a4-4609-aa51-2d4a624e2377 with 0198e5c8-9317-4e83-8c21-982f9d3b6016
[35m[HTTP][39m [37m<-- GET /wd/hub/session/0198e5c8-9317-4e83-8c21-982f9d3b6016/element/00000000-0000-10f8-ffff-ffff00000249/location [39m[32m200[39m [90m29 ms - 78[39m
[35m[HTTP][39m [90m[39m
[35m[HTTP][39m [37m-->[39m [37mPOST[39m [37m/wd/hub/session/0198e5c8-9317-4e83-8c21-982f9d3b6016/element/00000000-0000-10f8-ffff-ffff00000249/click[39m
[35m[HTTP][39m [90m{"id":"00000000-0000-10f8-ffff-ffff00000249"}[39m
[35m[HTTP][39m [37m<-- POST /wd/hub/session/0198e5c8-9317-4e83-8c21-982f9d3b6016/element/00000000-0000-10f8-ffff-ffff00000249/click [39m[32m200[39m [90m77 ms - 14[39m
[35m[HTTP][39m [90m[39m
[35m[HTTP][39m [37m-->[39m [37mGET[39m [37m/wd/hub/session/0198e5c8-9317-4e83-8c21-982f9d3b6016/source[39m
[35m[HTTP][39m [90m{}[39m
[35m[W3C (0198e5c8)][39m Driver proxy active, passing request on via HTTP proxy
[35m[WD Proxy][39m Replacing sessionId 3ad5c5e2-56a4-4609-aa51-2d4a624e2377 with 0198e5c8-9317-4e83-8c21-982f9d3b6016
[35m[HTTP][39m [37m<-- GET /wd/hub/session/0198e5c8-9317-4e83-8c21-982f9d3b6016/source [39m[32m200[39m [90m143 ms - 12043[39m
[35m[HTTP][39m [90m[39m
[35m[HTTP][39m [37m-->[39m [37mGET[39m [37m/wd/hub/session/0198e5c8-9317-4e83-8c21-982f9d3b6016/screenshot[39m
[35m[HTTP][39m [90m{}[39m
[35m[HTTP][39m [37m<-- GET /wd/hub/session/0198e5c8-9317-4e83-8c21-982f9d3b6016/screenshot [39m[32m200[39m [90m1039 ms - 46534[39m
[35m[HTTP][39m [90m[39m
[35m[HTTP][39m [37m-->[39m [37mGET[39m [37m/wd/hub/session/0198e5c8-9317-4e83-8c21-982f9d3b6016/source[39m
[35m[HTTP][39m [90m{}[39m
[35m[W3C (0198e5c8)][39m Driver proxy active, passing request on via HTTP proxy
[35m[WD Proxy][39m Replacing sessionId 3ad5c5e2-56a4-4609-aa51-2d4a624e2377 with 0198e5c8-9317-4e83-8c21-982f9d3b6016
[35m[HTTP][39m [37m<-- GET /wd/hub/session/0198e5c8-9317-4e83-8c21-982f9d3b6016/source [39m[32m200[39m [90m235 ms - 27135[39m
[35m[HTTP][39m [90m[39m
[35m[HTTP][39m [37m-->[39m [37mGET[39m [37m/wd/hub/session/0198e5c8-9317-4e83-8c21-982f9d3b6016/screenshot[39m
[35m[HTTP][39m [90m{}[39m
[35m[HTTP][39m [37m<-- GET /wd/hub/session/0198e5c8-9317-4e83-8c21-982f9d3b6016/screenshot [39m[32m200[39m [90m1141 ms - 155438[39m
[35m[HTTP][39m [90m[39m
[35m[HTTP][39m [37m-->[39m [37mPOST[39m [37m/wd/hub/session/0198e5c8-9317-4e83-8c21-982f9d3b6016/elements[39m
[35m[HTTP][39m [90m{"using":"xpath","value":"//*[@class = 'android.widget.TextView' and (@text = 'syariful' or . = 'syariful') and @resource-id = 'id.binar.fp.secondhand:id/tv_name']"}[39m
[35m[HTTP][39m [37m<-- POST /wd/hub/session/0198e5c8-9317-4e83-8c21-982f9d3b6016/elements [39m[32m200[39m [90m323 ms - 139[39m
[35m[HTTP][39m [90m[39m
[35m[HTTP][39m [37m-->[39m [37mPOST[39m [37m/wd/hub/session/0198e5c8-9317-4e83-8c21-982f9d3b6016/elements[39m
[35m[HTTP][39m [90m{"using":"xpath","value":"//*[@class = 'android.widget.TextView' and (@text = 'syariful' or . = 'syariful') and @resource-id = 'id.binar.fp.secondhand:id/tv_name']"}[39m
[35m[HTTP][39m [37m<-- POST /wd/hub/session/0198e5c8-9317-4e83-8c21-982f9d3b6016/elements [39m[32m200[39m [90m307 ms - 139[39m
[35m[HTTP][39m [90m[39m
[35m[HTTP][39m [37m-->[39m [37mGET[39m [37m/wd/hub/session/0198e5c8-9317-4e83-8c21-982f9d3b6016/source[39m
[35m[HTTP][39m [90m{}[39m
[35m[W3C (0198e5c8)][39m Driver proxy active, passing request on via HTTP proxy
[35m[WD Proxy][39m Replacing sessionId 3ad5c5e2-56a4-4609-aa51-2d4a624e2377 with 0198e5c8-9317-4e83-8c21-982f9d3b6016
[35m[HTTP][39m [37m<-- GET /wd/hub/session/0198e5c8-9317-4e83-8c21-982f9d3b6016/source [39m[32m200[39m [90m297 ms - 27135[39m
[35m[HTTP][39m [90m[39m
[35m[HTTP][39m [37m-->[39m [37mGET[39m [37m/wd/hub/session/0198e5c8-9317-4e83-8c21-982f9d3b6016/screenshot[39m
[35m[HTTP][39m [90m{}[39m
[35m[HTTP][39m [37m<-- GET /wd/hub/session/0198e5c8-9317-4e83-8c21-982f9d3b6016/screenshot [39m[32m200[39m [90m1064 ms - 155438[39m
[35m[HTTP][39m [90m[39m
[35m[HTTP][39m [37m-->[39m [37mDELETE[39m [37m/wd/hub/session/0198e5c8-9317-4e83-8c21-982f9d3b6016[39m
[35m[HTTP][39m [90m{}[39m
[35m[Appium][39m Removing session 0198e5c8-9317-4e83-8c21-982f9d3b6016 from our master session list
[35m[UiAutomator2][39m Restoring hidden api policy to the device default configuration
[35m[HTTP][39m [37m<-- DELETE /wd/hub/session/0198e5c8-9317-4e83-8c21-982f9d3b6016 [39m[32m200[39m [90m585 ms - 14[39m
[35m[HTTP][39m [90m[39m
