[35m[Appium][39m Welcome to Appium v1.22.3
[35m[Appium][39m Non-default server args:
[35m[Appium][39m   port: 4918
[35m[Appium][39m   loglevel: info
[35m[Appium][39m   tmpDir: C:\Users\Anam\AppData\Local\Temp\\Katalon\Appium\Temp1674873357043
[35m[Appium][39m   chromedriverPort: 4921
[35m[Appium][39m Deprecated server args:
[35m[Appium][39m   [31m--chromedriver-port[39m => --default-capabilities
[35m[Appium][39m Default capabilities, which will be added to each request unless overridden by desired capabilities:
[35m[Appium][39m   chromedriverPort: 4921
[35m[Appium][39m Appium REST http interface listener started on 0.0.0.0:4918
[35m[HTTP][39m [37m-->[39m [37mGET[39m [37m/wd/hub/status[39m
[35m[HTTP][39m [90m{}[39m
[35m[HTTP][39m [37m<-- GET /wd/hub/status [39m[32m200[39m [90m18 ms - 68[39m
[35m[HTTP][39m [90m[39m
[35m[HTTP][39m [37m-->[39m [37mGET[39m [37m/wd/hub/status[39m
[35m[HTTP][39m [90m{}[39m
[35m[HTTP][39m [37m<-- GET /wd/hub/status [39m[32m200[39m [90m5 ms - 68[39m
[35m[HTTP][39m [90m[39m
[35m[HTTP][39m [37m-->[39m [37mPOST[39m [37m/wd/hub/session[39m
[35m[HTTP][39m [90m{"desiredCapabilities":{"appActivity":".Settings","appPackage":"com.android.settings","newCommandTimeout":1800,"platformVersion":"13","automationName":"uiautomator2","autoGrantPermissions":true,"platformName":"Android","udid":"RR8T904LM9F","deviceName":"samsung SM-A135F (Android 13)","platform":"ANDROID","systemPort":8270},"capabilities":{"firstMatch":[{"appium:appActivity":".Settings","appium:appPackage":"com.android.settings","appium:autoGrantPermissions":true,"appium:automationName":"uiautomator2","appium:deviceName":"samsung SM-A135F (Android 13)","appium:newCommandTimeout":1800,"platform":"ANDROID","platformName":"android","appium:platformVersion":"13","appium:systemPort":8270,"appium:udid":"RR8T904LM9F"}]}}[39m
[35m[BaseDriver][39m The following capabilities are not standard capabilities and should have an extension prefix:
[35m[BaseDriver][39m   platform
[35m[BaseDriver][39m   chromedriverPort
[35m[Appium][39m Appium v1.22.3 creating new AndroidUiautomator2Driver (v1.70.1) session
[35m[BaseDriver][39m The following capabilities were provided, but are not recognized by Appium:
[35m[BaseDriver][39m   platform
[35m[BaseDriver][39m Session created with session id: 864581af-f4d7-42d8-8c90-2d2e253ac9cb
[35m[UiAutomator2][39m Starting 'com.android.settings' directly on the device
[35m[ADB][39m Found 1 'build-tools' folders under 'C:\Users\Anam\.katalon\tools\android_sdk' (newest first):
[35m[ADB][39m     C:/Users/Anam/.katalon/tools/android_sdk/build-tools/29.0.3
[35m[ADB][39m Using 'adb.exe' from 'C:\Users\Anam\.katalon\tools\android_sdk\platform-tools\adb.exe'
[35m[AndroidDriver][39m Retrieving device list
[35m[AndroidDriver][39m Using device: RR8T904LM9F
[35m[ADB][39m Using 'adb.exe' from 'C:\Users\Anam\.katalon\tools\android_sdk\platform-tools\adb.exe'
[35m[ADB][39m Getting device platform version
[35m[UiAutomator2][39m Relaxing hidden api policy
[35m[AndroidDriver][39m No app sent in, not parsing package/activity
[35m[ADB][39m Using 'apksigner.jar' from 'C:\Users\Anam\.katalon\tools\android_sdk\build-tools\29.0.3\lib\apksigner.jar'
[35m[ADB][39m 'C:\Users\Anam\AppData\Roaming\npm\node_modules\appium\node_modules\appium-uiautomator2-server\apks\appium-uiautomator2-server-v4.27.0.apk' is signed with the default certificate
[35m[ADB][39m 'C:\Users\Anam\AppData\Roaming\npm\node_modules\appium\node_modules\appium-uiautomator2-server\apks\appium-uiautomator2-server-debug-androidTest.apk' is signed with the default certificate
[35m[UiAutomator2][39m Server packages are not going to be (re)installed
[35m[ADB][39m Adding packages ["io.appium.settings","io.appium.uiautomator2.server","io.appium.uiautomator2.server.test"] to Doze whitelist
[35m[UiAutomator2][39m Starting UIAutomator2 server 4.27.0
[35m[UiAutomator2][39m Using UIAutomator2 server from 'C:\Users\Anam\AppData\Roaming\npm\node_modules\appium\node_modules\appium-uiautomator2-server\apks\appium-uiautomator2-server-v4.27.0.apk' and test from 'C:\Users\Anam\AppData\Roaming\npm\node_modules\appium\node_modules\appium-uiautomator2-server\apks\appium-uiautomator2-server-debug-androidTest.apk'
[35m[UiAutomator2][39m Waiting up to 30000ms for UiAutomator2 to be online...
[35m[WD Proxy][39m socket hang up
[35m[WD Proxy][39m socket hang up
[35m[WD Proxy][39m socket hang up
[35m[WD Proxy][39m socket hang up
[35m[WD Proxy][39m Determined the downstream protocol as 'W3C'
[35m[AndroidDriver][39m Screen already unlocked, doing nothing
[35m[UiAutomator2][39m Starting 'com.android.settings/.Settings and waiting for 'com.android.settings/.Settings'
[35m[Appium][39m New AndroidUiautomator2Driver session created successfully, session 864581af-f4d7-42d8-8c90-2d2e253ac9cb added to master session list
[35m[HTTP][39m [37m<-- POST /wd/hub/session [39m[32m200[39m [90m21280 ms - 1157[39m
[35m[HTTP][39m [90m[39m
[35m[HTTP][39m [37m-->[39m [37mGET[39m [37m/wd/hub/session/864581af-f4d7-42d8-8c90-2d2e253ac9cb[39m
[35m[HTTP][39m [90m{}[39m
[35m[HTTP][39m [37m<-- GET /wd/hub/session/864581af-f4d7-42d8-8c90-2d2e253ac9cb [39m[32m200[39m [90m68 ms - 1111[39m
[35m[HTTP][39m [90m[39m
[35m[HTTP][39m [37m-->[39m [37mGET[39m [37m/wd/hub/session/864581af-f4d7-42d8-8c90-2d2e253ac9cb[39m
[35m[HTTP][39m [90m{}[39m
[35m[HTTP][39m [37m<-- GET /wd/hub/session/864581af-f4d7-42d8-8c90-2d2e253ac9cb [39m[32m200[39m [90m52 ms - 1111[39m
[35m[HTTP][39m [90m[39m
[35m[HTTP][39m [37m-->[39m [37mGET[39m [37m/wd/hub/status[39m
[35m[HTTP][39m [90m{}[39m
[35m[HTTP][39m [37m<-- GET /wd/hub/status [39m[32m200[39m [90m2 ms - 68[39m
[35m[HTTP][39m [90m[39m
[35m[HTTP][39m [37m-->[39m [37mPOST[39m [37m/wd/hub/session/864581af-f4d7-42d8-8c90-2d2e253ac9cb/timeouts[39m
[35m[HTTP][39m [90m{"implicit":60000}[39m
[35m[HTTP][39m [37m<-- POST /wd/hub/session/864581af-f4d7-42d8-8c90-2d2e253ac9cb/timeouts [39m[32m200[39m [90m12 ms - 14[39m
[35m[HTTP][39m [90m[39m
[35m[HTTP][39m [37m-->[39m [37mGET[39m [37m/wd/hub/session/864581af-f4d7-42d8-8c90-2d2e253ac9cb/screenshot[39m
[35m[HTTP][39m [90m{}[39m
[35m[HTTP][39m [37m<-- GET /wd/hub/session/864581af-f4d7-42d8-8c90-2d2e253ac9cb/screenshot [39m[32m200[39m [90m1139 ms - 265234[39m
[35m[HTTP][39m [90m[39m
[35m[HTTP][39m [37m-->[39m [37mGET[39m [37m/wd/hub/session/864581af-f4d7-42d8-8c90-2d2e253ac9cb/window/rect[39m
[35m[HTTP][39m [90m{}[39m
[35m[HTTP][39m [37m<-- GET /wd/hub/session/864581af-f4d7-42d8-8c90-2d2e253ac9cb/window/rect [39m[32m200[39m [90m74 ms - 50[39m
[35m[HTTP][39m [90m[39m
[35m[HTTP][39m [37m-->[39m [37mGET[39m [37m/wd/hub/session/864581af-f4d7-42d8-8c90-2d2e253ac9cb/appium/device/system_bars[39m
[35m[HTTP][39m [90m{}[39m
[35m[HTTP][39m [37m<-- GET /wd/hub/session/864581af-f4d7-42d8-8c90-2d2e253ac9cb/appium/device/system_bars [39m[32m200[39m [90m227 ms - 145[39m
[35m[HTTP][39m [90m[39m
[35m[HTTP][39m [37m-->[39m [37mPOST[39m [37m/wd/hub/session/864581af-f4d7-42d8-8c90-2d2e253ac9cb/appium/device/activate_app[39m
[35m[HTTP][39m [90m{"bundleId":"id.binar.fp.secondhand"}[39m
[35m[HTTP][39m [37m<-- POST /wd/hub/session/864581af-f4d7-42d8-8c90-2d2e253ac9cb/appium/device/activate_app [39m[32m200[39m [90m989 ms - 14[39m
[35m[HTTP][39m [90m[39m
[35m[HTTP][39m [37m-->[39m [37mGET[39m [37m/wd/hub/session/864581af-f4d7-42d8-8c90-2d2e253ac9cb/source[39m
[35m[HTTP][39m [90m{}[39m
[35m[W3C (864581af)][39m Driver proxy active, passing request on via HTTP proxy
[35m[WD Proxy][39m Replacing sessionId 596e12b3-9520-49b9-a5c9-a1824ef64ce8 with 864581af-f4d7-42d8-8c90-2d2e253ac9cb
[35m[HTTP][39m [37m<-- GET /wd/hub/session/864581af-f4d7-42d8-8c90-2d2e253ac9cb/source [39m[32m200[39m [90m1811 ms - 43933[39m
[35m[HTTP][39m [90m[39m
[35m[HTTP][39m [37m-->[39m [37mGET[39m [37m/wd/hub/session/864581af-f4d7-42d8-8c90-2d2e253ac9cb/screenshot[39m
[35m[HTTP][39m [90m{}[39m
[35m[HTTP][39m [37m<-- GET /wd/hub/session/864581af-f4d7-42d8-8c90-2d2e253ac9cb/screenshot [39m[32m200[39m [90m1113 ms - 139338[39m
[35m[HTTP][39m [90m[39m
[35m[H[35m[BaseDriver][39m Shutting down because we waited 1800 seconds for a command
[35m[Appium][39m Closing session, cause was 'New Command Timeout of 1800 seconds expired. Try customizing the timeout using the 'newCommandTimeout' desired capability'
[35m[Appium][39m Removing session 'bd8d32fa-631f-4920-9dea-7587bd6896de' from our master session list
[35m[UiAutomator2][39m Did not get confirmation UiAutomator2 deleteSession worked; Error was: UnknownError: An unknown server-side error occurred while processing the command. Original error: 'DELETE /' cannot be proxied to UiAutomator2 server because the instrumentation process is not running (probably crashed). Check the server log and/or the logcat output for more details
[35m[UiAutomator2][39m Restoring hidden api policy to the device default configuration
[35m[HTTP][39m [37m-->[39m [37mDELETE[39m [37m/wd/hub/session/bd8d32fa-631f-4920-9dea-7587bd6896de[39m
[35m[HTTP][39m [90m{}[39m
[35m[HTTP][39m [37m<-- DELETE /wd/hub/session/bd8d32fa-631f-4920-9dea-7587bd6896de [39m[33m404[39m [90m72 ms - 2380[39m
[35m[HTTP][39m [90m[39m
64ce8 with 864581af-f4d7-42d8-8c90-2d2e253ac9cb
[35m[HTTP][39m [37m<-- GET /wd/hub/session/864581af-f4d7-42d8-8c90-2d2e253ac9cb/source [39m[32m200[39m [90m234 ms - 26306[39m
[35m[HTTP][39m [90m[39m
[35m[HTTP][39m [37m-->[39m [37mGET[39m [37m/wd/hub/session/864581af-f4d7-42d8-8c90-2d2e253ac9cb/screenshot[39m
[35m[HTTP][39m [90m{}[39m
[35m[HTTP][39m [37m<-- GET /wd/hub/session/864581af-f4d7-42d8-8c90-2d2e253ac9cb/screenshot [39m[32m200[39m [90m1124 ms - 153890[39m
[35m[HTTP][39m [90m[39m
[35m[HTTP][39m [37m-->[39m [37mGET[39m [37m/wd/hub/session/864581af-f4d7-42d8-8c90-2d2e253ac9cb/source[39m
[35m[HTTP][39m [90m{}[39m
[35m[W3C (864581af)][39m Driver proxy active, passing request on via HTTP proxy
[35m[WD Proxy][39m Replacing sessionId 596e12b3-9520-49b9-a5c9-a1824ef64ce8 with 864581af-f4d7-42d8-8c90-2d2e253ac9cb
[35m[HTTP][39m [37m<-- GET /wd/hub/session/864581af-f4d7-42d8-8c90-2d2e253ac9cb/source [39m[32m200[39m [90m3797 ms - 28133[39m
[35m[HTTP][39m [90m[39m
[35m[HTTP][39m [37m-->[39m [37mGET[39m [37m/wd/hub/session/864581af-f4d7-42d8-8c90-2d2e253ac9cb/screenshot[39m
[35m[HTTP][39m [90m{}[39m
[35m[HTTP][39m [37m<-- GET /wd/hub/session/864581af-f4d7-42d8-8c90-2d2e253ac9cb/screenshot [39m[32m200[39m [90m2396 ms - 161514[39m
[35m[HTTP][39m [90m[39m
[35m[HTTP][39m [37m-->[39m [37mGET[39m [37m/wd/hub/session/864581af-f4d7-42d8-8c90-2d2e253ac9cb/source[39m
[35m[HTTP][39m [90m{}[39m
[35m[W3C (864581af)][39m Driver proxy active, passing request on via HTTP proxy
[35m[WD Proxy][39m Replacing sessionId 596e12b3-9520-49b9-a5c9-a1824ef64ce8 with 864581af-f4d7-42d8-8c90-2d2e253ac9cb
[35m[HTTP][39m [37m<-- GET /wd/hub/session/864581af-f4d7-42d8-8c90-2d2e253ac9cb/source [39m[32m200[39m [90m3198 ms - 23985[39m
[35m[HTTP][39m [90m[39m
[35m[HTTP][39m [37m-->[39m [37mGET[39m [37m/wd/hub/session/864581af-f4d7-42d8-8c90-2d2e253ac9cb/screenshot[39m
[35m[HTTP][39m [90m{}[39m
[35m[HTTP][39m [37m<-- GET /wd/hub/session/864581af-f4d7-42d8-8c90-2d2e253ac9cb/screenshot [39m[32m200[39m [90m3002 ms - 224094[39m
[35m[HTTP][39m [90m[39m
[35m[HTTP][39m [37m-->[39m [37mGET[39m [37m/wd/hub/session/864581af-f4d7-42d8-8c90-2d2e253ac9cb/source[39m
[35m[HTTP][39m [90m{}[39m
[35m[W3C (864581af)][39m Driver proxy active, passing request on via HTTP proxy
[35m[WD Proxy][39m Replacing sessionId 596e12b3-9520-49b9-a5c9-a1824ef64ce8 with 864581af-f4d7-42d8-8c90-2d2e253ac9cb
[35m[HTTP][39m [37m<-- GET /wd/hub/session/864581af-f4d7-42d8-8c90-2d2e253ac9cb/source [39m[32m200[39m [90m1812 ms - 28129[39m
[35m[HTTP][39m [90m[39m
[35m[HTTP][39m [37m-->[39m [37mGET[39m [37m/wd/hub/session/864581af-f4d7-42d8-8c90-2d2e253ac9cb/screenshot[39m
[35m[HTTP][39m [90m{}[39m
[35m[HTTP][39m [37m<-- GET /wd/hub/session/864581af-f4d7-42d8-8c90-2d2e253ac9cb/screenshot [39m[32m200[39m [90m4505 ms - 161116[39m
[35m[HTTP][39m [90m[39m
[35m[HTTP][39m [37m-->[39m [37mGET[39m [37m/wd/hub/session/864581af-f4d7-42d8-8c90-2d2e253ac9cb/source[39m
[35m[HTTP][39m [90m{}[39m
[35m[W3C (864581af)][39m Driver proxy active, passing request on via HTTP proxy
[35m[WD Proxy][39m Replacing sessionId 596e12b3-9520-49b9-a5c9-a1824ef64ce8 with 864581af-f4d7-42d8-8c90-2d2e253ac9cb
[35m[HTTP][39m [37m<-- GET /wd/hub/session/864581af-f4d7-42d8-8c90-2d2e253ac9cb/source [39m[32m200[39m [90m3039 ms - 27967[39m
[35m[HTTP][39m [90m[39m
[35m[HTTP][39m [37m-->[39m [37mGET[39m [37m/wd/hub/session/864581af-f4d7-42d8-8c90-2d2e253ac9cb/screenshot[39m
[35m[HTTP][39m [90m{}[39m
[35m[HTTP][39m [37m<-- GET /wd/hub/session/864581af-f4d7-42d8-8c90-2d2e253ac9cb/screenshot [39m[32m200[39m [90m3460 ms - 148960[39m
[35m[HTTP][39m [90m[39m
[35m[HTTP][39m [37m-->[39m [37mPOST[39m [37m/wd/hub/session/864581af-f4d7-42d8-8c90-2d2e253ac9cb/elements[39m
[35m[HTTP][39m [90m{"using":"xpath","value":"//*[@class = 'android.widget.Toast' and (@text = 'Email sudah digunakan' or . = 'Email sudah digunakan')]"}[39m
[35m[HTTP][39m [37m<-- POST /wd/hub/session/864581af-f4d7-42d8-8c90-2d2e253ac9cb/elements [39m[32m200[39m [90m60607 ms - 12[39m
[35m[HTTP][39m [90m[39m
[35m[HTTP][39m [37m-->[39m [37mPOST[39m [37m/wd/hub/session/864581af-f4d7-42d8-8c90-2d2e253ac9cb/elements[39m
[35m[HTTP][39m [90m{"using":"-android uiautomator","value":"new UiSelector().className(\"android.widget.Toast\").text(\"Email sudah digunakan\")"}[39m
[35m[HTTP][39m [37m<-- POST /wd/hub/session/864581af-f4d7-42d8-8c90-2d2e253ac9cb/elements [39m[32m200[39m [90m60140 ms - 12[39m
[35m[HTTP][39m [90m[39m
[35m[HTTP][39m [37m-->[39m [37mDELETE[39m [37m/wd/hub/session/864581af-f4d7-42d8-8c90-2d2e253ac9cb[39m
[35m[HTTP][39m [90m{}[39m
[35m[Appium][39m Removing session 864581af-f4d7-42d8-8c90-2d2e253ac9cb from our master session list
[35m[HTTP][39m [37m-->[39m [37mDELETE[39m [37m/wd/hub/session/864581af-f4d7-42d8-8c90-2d2e253ac9cb[39m
[35m[HTTP][39m [90m{}[39m
[35m[HTTP][39m [37m<-- DELETE /wd/hub/session/864581af-f4d7-42d8-8c90-2d2e253ac9cb [39m[33m404[39m [90m1164 ms - 2380[39m
[35m[HTTP][39m [90m[39m
[35m[UiAutomator2][39m Restoring hidden api policy to the device default configuration
[35m[HTTP][39m [37m<-- DELETE /wd/hub/session/864581af-f4d7-42d8-8c90-2d2e253ac9cb [39m[32m200[39m [90m11893 ms - 14[39m
[35m[HTTP][39m [90m[39m
